2019-11-10T06:48:34+00:00 DEBUG (7): pedroteixeira_correios [111]: Dimension error
2019-11-10T06:48:37+00:00 DEBUG (7): pedroteixeira_correios [111]: Dimension error
2019-11-10T06:50:47+00:00 DEBUG (7): pedroteixeira_correios [111]: Dimension error
2019-11-10T06:51:15+00:00 DEBUG (7): pedroteixeira_correios [111]: Dimension error
2019-11-10T06:51:17+00:00 DEBUG (7): pedroteixeira_correios [111]: Dimension error
2019-11-10T06:51:58+00:00 DEBUG (7): pedroteixeira_correios [111]: Dimension error
2019-11-10T06:52:08+00:00 DEBUG (7): pedroteixeira_correios [111]: Dimension error
2019-11-10T06:52:16+00:00 DEBUG (7): pedroteixeira_correios [111]: Dimension error
2019-11-10T06:52:18+00:00 DEBUG (7): pedroteixeira_correios [111]: Dimension error
2019-11-10T06:55:42+00:00 ERR (3): Warning: Invalid argument supplied for foreach()  in /Users/Vanssiler/Desktop/TRABALHOS/SMARTUX/CLIENTES/EVOLUTION NUTRITION/evolution_new/app/code/community/PedroTeixeira/Correios/Model/Carrier/CorreiosMethod.php on line 764
2019-11-10T06:55:42+00:00 DEBUG (7): pedroteixeira_correios [189]: URL Error, all services return with error
2019-11-10T06:55:44+00:00 ERR (3): Warning: Invalid argument supplied for foreach()  in /Users/Vanssiler/Desktop/TRABALHOS/SMARTUX/CLIENTES/EVOLUTION NUTRITION/evolution_new/app/code/community/PedroTeixeira/Correios/Model/Carrier/CorreiosMethod.php on line 764
2019-11-10T06:55:44+00:00 DEBUG (7): pedroteixeira_correios [189]: URL Error, all services return with error
2019-11-10T06:56:49+00:00 ERR (3): Warning: Invalid argument supplied for foreach()  in /Users/Vanssiler/Desktop/TRABALHOS/SMARTUX/CLIENTES/EVOLUTION NUTRITION/evolution_new/app/code/community/PedroTeixeira/Correios/Model/Carrier/CorreiosMethod.php on line 764
2019-11-10T06:56:53+00:00 ERR (3): Warning: Invalid argument supplied for foreach()  in /Users/Vanssiler/Desktop/TRABALHOS/SMARTUX/CLIENTES/EVOLUTION NUTRITION/evolution_new/app/code/community/PedroTeixeira/Correios/Model/Carrier/CorreiosMethod.php on line 764
2019-11-10T07:01:12+00:00 ERR (3): Warning: file_get_contents(): SSL operation failed with code 1. OpenSSL Error messages:
error:14077410:SSL routines:SSL23_GET_SERVER_HELLO:sslv3 alert handshake failure  in /Users/Vanssiler/Desktop/TRABALHOS/SMARTUX/CLIENTES/EVOLUTION NUTRITION/evolution_new/app/code/community/Mundipagg/Paymentmodule/Model/BankCodes.php on line 8
2019-11-10T07:01:12+00:00 ERR (3): Warning: file_get_contents(): Failed to enable crypto  in /Users/Vanssiler/Desktop/TRABALHOS/SMARTUX/CLIENTES/EVOLUTION NUTRITION/evolution_new/app/code/community/Mundipagg/Paymentmodule/Model/BankCodes.php on line 8
2019-11-10T07:01:12+00:00 ERR (3): Warning: file_get_contents(https://dashboard.mundipagg.com/emb/bank_info.json): failed to open stream: operation failed  in /Users/Vanssiler/Desktop/TRABALHOS/SMARTUX/CLIENTES/EVOLUTION NUTRITION/evolution_new/app/code/community/Mundipagg/Paymentmodule/Model/BankCodes.php on line 8
2019-11-10T07:03:33+00:00 ERR (3): Warning: file_get_contents(): SSL operation failed with code 1. OpenSSL Error messages:
error:14077410:SSL routines:SSL23_GET_SERVER_HELLO:sslv3 alert handshake failure  in /Users/Vanssiler/Desktop/TRABALHOS/SMARTUX/CLIENTES/EVOLUTION NUTRITION/evolution_new/app/code/community/Mundipagg/Paymentmodule/Model/BankCodes.php on line 8
2019-11-10T07:03:33+00:00 ERR (3): Warning: file_get_contents(): Failed to enable crypto  in /Users/Vanssiler/Desktop/TRABALHOS/SMARTUX/CLIENTES/EVOLUTION NUTRITION/evolution_new/app/code/community/Mundipagg/Paymentmodule/Model/BankCodes.php on line 8
2019-11-10T07:03:33+00:00 ERR (3): Warning: file_get_contents(https://dashboard.mundipagg.com/emb/bank_info.json): failed to open stream: operation failed  in /Users/Vanssiler/Desktop/TRABALHOS/SMARTUX/CLIENTES/EVOLUTION NUTRITION/evolution_new/app/code/community/Mundipagg/Paymentmodule/Model/BankCodes.php on line 8
2019-11-10T07:04:29+00:00 ERR (3): Warning: Invalid argument supplied for foreach()  in /Users/Vanssiler/Desktop/TRABALHOS/SMARTUX/CLIENTES/EVOLUTION NUTRITION/evolution_new/app/code/community/PedroTeixeira/Correios/Model/Carrier/CorreiosMethod.php on line 764
2019-11-10T07:04:32+00:00 ERR (3): Warning: Invalid argument supplied for foreach()  in /Users/Vanssiler/Desktop/TRABALHOS/SMARTUX/CLIENTES/EVOLUTION NUTRITION/evolution_new/app/code/community/PedroTeixeira/Correios/Model/Carrier/CorreiosMethod.php on line 764
2019-11-10T07:04:40+00:00 ERR (3): Warning: Invalid argument supplied for foreach()  in /Users/Vanssiler/Desktop/TRABALHOS/SMARTUX/CLIENTES/EVOLUTION NUTRITION/evolution_new/app/code/community/PedroTeixeira/Correios/Model/Carrier/CorreiosMethod.php on line 764
2019-11-10T07:04:53+00:00 ERR (3): Warning: Invalid argument supplied for foreach()  in /Users/Vanssiler/Desktop/TRABALHOS/SMARTUX/CLIENTES/EVOLUTION NUTRITION/evolution_new/app/code/community/PedroTeixeira/Correios/Model/Carrier/CorreiosMethod.php on line 764
2019-11-10T07:04:55+00:00 ERR (3): Warning: Invalid argument supplied for foreach()  in /Users/Vanssiler/Desktop/TRABALHOS/SMARTUX/CLIENTES/EVOLUTION NUTRITION/evolution_new/app/code/community/PedroTeixeira/Correios/Model/Carrier/CorreiosMethod.php on line 764
2019-11-10T07:05:03+00:00 ERR (3): Warning: Invalid argument supplied for foreach()  in /Users/Vanssiler/Desktop/TRABALHOS/SMARTUX/CLIENTES/EVOLUTION NUTRITION/evolution_new/app/code/community/PedroTeixeira/Correios/Model/Carrier/CorreiosMethod.php on line 764
2019-11-10T07:05:23+00:00 ERR (3): Warning: Invalid argument supplied for foreach()  in /Users/Vanssiler/Desktop/TRABALHOS/SMARTUX/CLIENTES/EVOLUTION NUTRITION/evolution_new/app/code/community/PedroTeixeira/Correios/Model/Carrier/CorreiosMethod.php on line 764
2019-11-10T07:05:26+00:00 ERR (3): Warning: Invalid argument supplied for foreach()  in /Users/Vanssiler/Desktop/TRABALHOS/SMARTUX/CLIENTES/EVOLUTION NUTRITION/evolution_new/app/code/community/PedroTeixeira/Correios/Model/Carrier/CorreiosMethod.php on line 764
2019-11-10T07:05:37+00:00 ERR (3): Warning: Invalid argument supplied for foreach()  in /Users/Vanssiler/Desktop/TRABALHOS/SMARTUX/CLIENTES/EVOLUTION NUTRITION/evolution_new/app/code/community/PedroTeixeira/Correios/Model/Carrier/CorreiosMethod.php on line 764
2019-11-10T07:06:47+00:00 ERR (3): Warning: file_get_contents(): SSL operation failed with code 1. OpenSSL Error messages:
error:14077410:SSL routines:SSL23_GET_SERVER_HELLO:sslv3 alert handshake failure  in /Users/Vanssiler/Desktop/TRABALHOS/SMARTUX/CLIENTES/EVOLUTION NUTRITION/evolution_new/app/code/community/Mundipagg/Paymentmodule/Model/BankCodes.php on line 8
2019-11-10T07:06:47+00:00 ERR (3): Warning: file_get_contents(): Failed to enable crypto  in /Users/Vanssiler/Desktop/TRABALHOS/SMARTUX/CLIENTES/EVOLUTION NUTRITION/evolution_new/app/code/community/Mundipagg/Paymentmodule/Model/BankCodes.php on line 8
2019-11-10T07:06:47+00:00 ERR (3): Warning: file_get_contents(https://dashboard.mundipagg.com/emb/bank_info.json): failed to open stream: operation failed  in /Users/Vanssiler/Desktop/TRABALHOS/SMARTUX/CLIENTES/EVOLUTION NUTRITION/evolution_new/app/code/community/Mundipagg/Paymentmodule/Model/BankCodes.php on line 8
2019-11-10T07:08:03+00:00 ERR (3): Warning: Invalid argument supplied for foreach()  in /Users/Vanssiler/Desktop/TRABALHOS/SMARTUX/CLIENTES/EVOLUTION NUTRITION/evolution_new/app/code/community/PedroTeixeira/Correios/Model/Carrier/CorreiosMethod.php on line 764
2019-11-10T07:08:10+00:00 ERR (3): Warning: Invalid argument supplied for foreach()  in /Users/Vanssiler/Desktop/TRABALHOS/SMARTUX/CLIENTES/EVOLUTION NUTRITION/evolution_new/app/code/community/PedroTeixeira/Correios/Model/Carrier/CorreiosMethod.php on line 764
2019-11-10T07:08:18+00:00 ERR (3): Warning: Invalid argument supplied for foreach()  in /Users/Vanssiler/Desktop/TRABALHOS/SMARTUX/CLIENTES/EVOLUTION NUTRITION/evolution_new/app/code/community/PedroTeixeira/Correios/Model/Carrier/CorreiosMethod.php on line 764
2019-11-10T07:08:34+00:00 ERR (3): Warning: Invalid argument supplied for foreach()  in /Users/Vanssiler/Desktop/TRABALHOS/SMARTUX/CLIENTES/EVOLUTION NUTRITION/evolution_new/app/code/community/PedroTeixeira/Correios/Model/Carrier/CorreiosMethod.php on line 764
2019-11-10T07:08:37+00:00 ERR (3): Warning: Invalid argument supplied for foreach()  in /Users/Vanssiler/Desktop/TRABALHOS/SMARTUX/CLIENTES/EVOLUTION NUTRITION/evolution_new/app/code/community/PedroTeixeira/Correios/Model/Carrier/CorreiosMethod.php on line 764
2019-11-10T07:08:49+00:00 ERR (3): Warning: Invalid argument supplied for foreach()  in /Users/Vanssiler/Desktop/TRABALHOS/SMARTUX/CLIENTES/EVOLUTION NUTRITION/evolution_new/app/code/community/PedroTeixeira/Correios/Model/Carrier/CorreiosMethod.php on line 764
2019-11-10T07:11:46+00:00 ERR (3): Warning: Invalid argument supplied for foreach()  in /Users/Vanssiler/Desktop/TRABALHOS/SMARTUX/CLIENTES/EVOLUTION NUTRITION/evolution_new/app/code/community/PedroTeixeira/Correios/Model/Carrier/CorreiosMethod.php on line 764
2019-11-10T07:11:48+00:00 ERR (3): Warning: Invalid argument supplied for foreach()  in /Users/Vanssiler/Desktop/TRABALHOS/SMARTUX/CLIENTES/EVOLUTION NUTRITION/evolution_new/app/code/community/PedroTeixeira/Correios/Model/Carrier/CorreiosMethod.php on line 764
2019-11-10T07:11:57+00:00 ERR (3): Warning: Invalid argument supplied for foreach()  in /Users/Vanssiler/Desktop/TRABALHOS/SMARTUX/CLIENTES/EVOLUTION NUTRITION/evolution_new/app/code/community/PedroTeixeira/Correios/Model/Carrier/CorreiosMethod.php on line 764
2019-11-10T07:12:22+00:00 ERR (3): Warning: file_get_contents(): SSL operation failed with code 1. OpenSSL Error messages:
error:14077410:SSL routines:SSL23_GET_SERVER_HELLO:sslv3 alert handshake failure  in /Users/Vanssiler/Desktop/TRABALHOS/SMARTUX/CLIENTES/EVOLUTION NUTRITION/evolution_new/app/code/community/Mundipagg/Paymentmodule/Model/BankCodes.php on line 8
2019-11-10T07:12:22+00:00 ERR (3): Warning: file_get_contents(): Failed to enable crypto  in /Users/Vanssiler/Desktop/TRABALHOS/SMARTUX/CLIENTES/EVOLUTION NUTRITION/evolution_new/app/code/community/Mundipagg/Paymentmodule/Model/BankCodes.php on line 8
2019-11-10T07:12:22+00:00 ERR (3): Warning: file_get_contents(https://dashboard.mundipagg.com/emb/bank_info.json): failed to open stream: operation failed  in /Users/Vanssiler/Desktop/TRABALHOS/SMARTUX/CLIENTES/EVOLUTION NUTRITION/evolution_new/app/code/community/Mundipagg/Paymentmodule/Model/BankCodes.php on line 8
2019-11-10T07:12:37+00:00 ERR (3): Warning: Invalid argument supplied for foreach()  in /Users/Vanssiler/Desktop/TRABALHOS/SMARTUX/CLIENTES/EVOLUTION NUTRITION/evolution_new/app/code/community/PedroTeixeira/Correios/Model/Carrier/CorreiosMethod.php on line 764
2019-11-10T07:12:51+00:00 ERR (3): Warning: Invalid argument supplied for foreach()  in /Users/Vanssiler/Desktop/TRABALHOS/SMARTUX/CLIENTES/EVOLUTION NUTRITION/evolution_new/app/code/community/PedroTeixeira/Correios/Model/Carrier/CorreiosMethod.php on line 764
2019-11-10T07:12:53+00:00 ERR (3): Warning: Invalid argument supplied for foreach()  in /Users/Vanssiler/Desktop/TRABALHOS/SMARTUX/CLIENTES/EVOLUTION NUTRITION/evolution_new/app/code/community/PedroTeixeira/Correios/Model/Carrier/CorreiosMethod.php on line 764
2019-11-10T07:13:15+00:00 ERR (3): Warning: Invalid argument supplied for foreach()  in /Users/Vanssiler/Desktop/TRABALHOS/SMARTUX/CLIENTES/EVOLUTION NUTRITION/evolution_new/app/code/community/PedroTeixeira/Correios/Model/Carrier/CorreiosMethod.php on line 764
2019-11-10T07:13:15+00:00 ERR (3): Warning: Invalid argument supplied for foreach()  in /Users/Vanssiler/Desktop/TRABALHOS/SMARTUX/CLIENTES/EVOLUTION NUTRITION/evolution_new/app/code/community/Mundipagg/Paymentmodule/Block/Info.php on line 46
2019-11-10T07:14:15+00:00 ERR (3): Warning: Invalid argument supplied for foreach()  in /Users/Vanssiler/Desktop/TRABALHOS/SMARTUX/CLIENTES/EVOLUTION NUTRITION/evolution_new/app/code/community/Mundipagg/Paymentmodule/Block/Info.php on line 46
